0 info it worked if it ends with ok
1 verbose cli [ '/home/antoine/.nvm/versions/node/v5.12.0/bin/node',
1 verbose cli   '/home/antoine/.nvm/versions/node/v5.12.0/bin/npm',
1 verbose cli   'publish' ]
2 info using npm@3.8.6
3 info using node@v5.12.0
4 verbose publish [ '.' ]
5 silly cache add args [ '.', null ]
6 verbose cache add spec .
7 silly cache add parsed spec Result {
7 silly cache add   raw: '.',
7 silly cache add   scope: null,
7 silly cache add   name: null,
7 silly cache add   rawSpec: '.',
7 silly cache add   spec: '/home/antoine/a-lucas/angular.js-server',
7 silly cache add   type: 'directory' }
8 verbose addLocalDirectory /home/antoine/.npm/angular.js-server/0.0.2/package.tgz not in flight; packing
9 verbose correctMkdir /home/antoine/.npm correctMkdir not in flight; initializing
10 info lifecycle angular.js-server@0.0.2~prepublish: angular.js-server@0.0.2
11 silly lifecycle angular.js-server@0.0.2~prepublish: no script for prepublish, continuing
12 verbose tar pack [ '/home/antoine/.npm/angular.js-server/0.0.2/package.tgz',
12 verbose tar pack   '/home/antoine/a-lucas/angular.js-server' ]
13 verbose tarball /home/antoine/.npm/angular.js-server/0.0.2/package.tgz
14 verbose folder /home/antoine/a-lucas/angular.js-server
15 verbose addLocalTarball adding from inside cache /home/antoine/.npm/angular.js-server/0.0.2/package.tgz
16 verbose correctMkdir /home/antoine/.npm correctMkdir not in flight; initializing
17 silly cache afterAdd angular.js-server@0.0.2
18 verbose afterAdd /home/antoine/.npm/angular.js-server/0.0.2/package/package.json not in flight; writing
19 verbose correctMkdir /home/antoine/.npm correctMkdir not in flight; initializing
20 verbose afterAdd /home/antoine/.npm/angular.js-server/0.0.2/package/package.json written
21 silly publish { name: 'angular.js-server',
21 silly publish   author:
21 silly publish    { name: 'Antoine LUCAS',
21 silly publish      email: 'antoine.lucas.australia@gmail.com' },
21 silly publish   scripts: {},
21 silly publish   main: 'server/lib/AngularServerRenderer.js',
21 silly publish   version: '0.0.2',
21 silly publish   license: 'MIT',
21 silly publish   repository:
21 silly publish    { type: 'git',
21 silly publish      url: 'git+https://github.com/a-lucas/angular.js-server.git' },
21 silly publish   engines: { node: '>=5.12.0', npm: '>=3.8.6' },
21 silly publish   dependencies:
21 silly publish    { Q: '0.0.1',
21 silly publish      angularcontext: '0.0.18',
21 silly publish      'babel-polyfill': '^6.5.0',
21 silly publish      babelify: '^7.2.0',
21 silly publish      'browser-sync': '^2.11.1',
21 silly publish      browserify: '^13.0.0',
21 silly publish      'browserify-fs': '^1.0.0',
21 silly publish      bunyan: '^1.7.0',
21 silly publish      'cli-md': '^1.2.0',
21 silly publish      dev: '^0.1.3',
21 silly publish      express: 'latest',
21 silly publish      'express-favicon': '^1.0.1',
21 silly publish      glob: '^7.0.5',
21 silly publish      'gulp-load-plugins': '^1.2.0',
21 silly publish      'gulp-run': '^1.6.12',
21 silly publish      hbs: '^4.0.0',
21 silly publish      helmet: '^1.1.0',
21 silly publish      jade: '^1.11.0',
21 silly publish      jsdom: '^8.0.2',
21 silly publish      jsonschema: '^1.1.0',
21 silly publish      lodash: '^4.5.1',
21 silly publish      moment: '^2.11.2',
21 silly publish      'ng-forward': '0.0.1-alpha.12',
21 silly publish      'node-phantom': '^0.2.5',
21 silly publish      preboot: '^1.1.3',
21 silly publish      'ps-node': '0.0.5',
21 silly publish      q: '^1.4.1',
21 silly publish      'reflect-metadata': '^0.1.3',
21 silly publish      request: '^2.69.0',
21 silly publish      'scribe-js': '^2.0.4',
21 silly publish      shelljs: '^0.7.0',
21 silly publish      'stacktrace-js': '^1.0.3',
21 silly publish      swig: '^1.4.2',
21 silly publish      vhost: '^3.0.2',
21 silly publish      'vinyl-buffer': '^1.0.0',
21 silly publish      'vinyl-source-stream': '^1.1.0',
21 silly publish      yargs: '^3.32.0' },
21 silly publish   devDependencies:
21 silly publish    { 'angular-cache': 'latest',
21 silly publish      'babel-plugin-syntax-decorators': '^6.5.0',
21 silly publish      'babel-plugin-transform-class-properties': '^6.5.0',
21 silly publish      'babel-plugin-transform-decorators': '^6.5.0',
21 silly publish      'babel-plugin-transform-decorators-legacy': '^1.3.4',
21 silly publish      'babel-preset-es2015': '^6.5.0',
21 silly publish      'babel-preset-stage-0': '^6.5.0',
21 silly publish      'babel-preset-stage-1': '^6.5.0',
21 silly publish      babelify: '^7.2.0',
21 silly publish      'browser-sync': '^2.11.1',
21 silly publish      browserify: '^13.0.0',
21 silly publish      contextify: '^0.1.15',
21 silly publish      'gulp-babel': '^6.1.2',
21 silly publish      'gulp-concat': '^2.6.0',
21 silly publish      'gulp-jshint': '^2.0.0',
21 silly publish      'gulp-ng-annotate': '^1.1.0',
21 silly publish      'gulp-sourcemap': '^1.0.1',
21 silly publish      'gulp-sourcemaps': '^1.6.0',
21 silly publish      install: '^0.4.2',
21 silly publish      jshint: '^2.9.1',
21 silly publish      lodash: '^4.3.0',
21 silly publish      'ng-forward': '0.0.1-alpha.12',
21 silly publish      npm: '^3.7.1',
21 silly publish      'reflect-metadata': '^0.1.3',
21 silly publish      rimraf: '^2.5.1',
21 silly publish      watchify: '^3.7.0' },
21 silly publish   readme: '# Requirements\n\n1- Your angular app must use html5mode. The reason behind this requirement is that browsers don\'t send the hashbang fragment to the server.\n\n   So for example, rendering on the server side http://domain.com/url#blah will just render http://domain.com/url.\n\n2- If you are using ```angular.bootstrap()``` to kickoff your angular app, add the following condition:\n\n```\nif (!window.onServer) {\n angular.bootstrap(...)\n}\n```\n\n3- You must use a modified version of AngularJS ( while I get the time to write the tests to contribute to Angular source code. )\n\n\n\n# Config object\n\n```\n/**\n * Created by antoine on 07/07/16.\n */\nvar path = require(\'path\');\n\nmodule.exports = {\n    name: "myApp",\n    log: path.resolve( __dirname + \'./../logs\'),\n    server: {\n        domain: \'server.example\',\n        port: 3000,\n        timeout: 15000\n    },\n    cache: {\n        type: \'file\', // possible values: none, file\n        fileDir: path.resolve( __dirname + \'./../cache\'),\n        cacheMaxAge: [{\n            regex: /.*/,\n            maxAge: 10\n        }],\n        cacheAlways: [],\n        cacheNever: [],\n        cacheTimestamp: []\n    },\n    render: {\n        strategy: \'include\',  // possible values: include, exclude\n        rules: [\n            /.*/, //pre-render it all !\n        ]\n    }\n};\n\n```\n## server\n\n```timeout``` is the number in seconds before the server consider the request timedout. If it is reached, the current (and possibly incomplete) rendered HTML will be sent to the client.\n\n## cache\n\nThis is  a very basic cache engine that takes 4 types of caches\n\ncacheMaxAge is an array of objects of type:\n```\n{\n    regex: regular Expression\n    maxAge: integer (Seconds)\n}\n```\n\ncacheAlways and cache Never are array of js objects\n```\n{\n    regex: regular Expression\n}\n```\ncacheTimestamp:\nTODO To be implemented\n\n## name:\n\nThis is the name of the angularJS application present in the `ng-app` tag.\n\n# Usage:\n\n1- make sure the folders for views, external scripts, as well as the custom build-angular are accessible.\n```\nappServer.use(\'/views\', express.static( path.resolve(__dirname + \'/../../../src/views\')));\nappServer.use(\'/dist\', express.static( path.resolve(__dirname + \'/../../../dist/client\')));\n```\n\n2- Generate the HTML\n\n\n```\nvar AngularServer = require(\'angular.js-server\');\n\nvar renderer = new AngularServer(config);\n\nvar renderedHtml = renderer.rende(html, url);\n```\n\n3-Jade & Swig examples\n\n\nThey are located in test. To run them, you must edit your /etc/hosts file\nad add the following lines:\n```\n127.0.0.1   noserver.example    // render the app witouth server rendering\n127.0.0.1   server.example      // render the app with server rendering and caching (if enabled)\n127.0.0.1   api.example         // the api url\n```\n\nAll the client code is written in ES6.\n\n#MEAN.js\n\nA hacky working version with server side rendering is at this url: https://github.com/a-lucas/mean\n\n#WIP\n\nThis work is incomplete and totally in progress - DON\'T use it on prod.\n\n\n\n\n',
21 silly publish   readmeFilename: 'README.md',
21 silly publish   gitHead: 'd127a3ad7b4b62fd9648ed58f7c3b75c51422fd8',
21 silly publish   description: '1- Your angular app must use html5mode. The reason behind this requirement is that browsers don\'t send the hashbang fragment to the server.',
21 silly publish   bugs: { url: 'https://github.com/a-lucas/angular.js-server/issues' },
21 silly publish   homepage: 'https://github.com/a-lucas/angular.js-server#readme',
21 silly publish   _id: 'angular.js-server@0.0.2',
21 silly publish   _shasum: 'de103098763b4bf02a4f4e926b4394a4091ba5c5',
21 silly publish   _from: '.' }
22 verbose getPublishConfig undefined
23 silly mapToRegistry name angular.js-server
24 silly mapToRegistry using default registry
25 silly mapToRegistry registry https://registry.npmjs.org/
26 silly mapToRegistry data Result {
26 silly mapToRegistry   raw: 'angular.js-server',
26 silly mapToRegistry   scope: null,
26 silly mapToRegistry   name: 'angular.js-server',
26 silly mapToRegistry   rawSpec: '',
26 silly mapToRegistry   spec: 'latest',
26 silly mapToRegistry   type: 'tag' }
27 silly mapToRegistry uri https://registry.npmjs.org/angular.js-server
28 verbose publish registryBase https://registry.npmjs.org/
29 silly publish uploading /home/antoine/.npm/angular.js-server/0.0.2/package.tgz
30 verbose request uri https://registry.npmjs.org/angular.js-server
31 verbose request sending authorization for write operation
32 info attempt registry request try #1 at 5:18:57 PM
33 verbose request using bearer token for auth
34 verbose request id b4f8dd28e27c9810
35 http request PUT https://registry.npmjs.org/angular.js-server
36 http 403 https://registry.npmjs.org/angular.js-server
37 verbose headers { 'content-type': 'application/json',
37 verbose headers   'cache-control': 'max-age=300',
37 verbose headers   'content-length': '95',
37 verbose headers   'accept-ranges': 'bytes',
37 verbose headers   date: 'Wed, 13 Jul 2016 15:18:59 GMT',
37 verbose headers   via: '1.1 varnish',
37 verbose headers   connection: 'keep-alive',
37 verbose headers   'x-served-by': 'cache-fra1248-FRA',
37 verbose headers   'x-cache': 'MISS',
37 verbose headers   'x-cache-hits': '0',
37 verbose headers   'x-timer': 'S1468423138.018930,VS0,VE1172',
37 verbose headers   vary: 'Accept-Encoding' }
38 verbose request invalidating /home/antoine/.npm/registry.npmjs.org/angular.js-server on PUT
39 error publish Failed PUT 403
40 verbose stack Error: "You cannot publish over the previously published version 0.0.2." : angular.js-server
40 verbose stack     at makeError (/home/antoine/.nvm/versions/node/v5.12.0/lib/node_modules/npm/node_modules/npm-registry-client/lib/request.js:264:12)
40 verbose stack     at CachingRegistryClient.<anonymous> (/home/antoine/.nvm/versions/node/v5.12.0/lib/node_modules/npm/node_modules/npm-registry-client/lib/request.js:252:14)
40 verbose stack     at Request._callback (/home/antoine/.nvm/versions/node/v5.12.0/lib/node_modules/npm/node_modules/npm-registry-client/lib/request.js:172:14)
40 verbose stack     at Request.self.callback (/home/antoine/.nvm/versions/node/v5.12.0/lib/node_modules/npm/node_modules/request/request.js:199:22)
40 verbose stack     at emitTwo (events.js:100:13)
40 verbose stack     at Request.emit (events.js:185:7)
40 verbose stack     at Request.<anonymous> (/home/antoine/.nvm/versions/node/v5.12.0/lib/node_modules/npm/node_modules/request/request.js:1036:10)
40 verbose stack     at emitOne (events.js:95:20)
40 verbose stack     at Request.emit (events.js:182:7)
40 verbose stack     at IncomingMessage.<anonymous> (/home/antoine/.nvm/versions/node/v5.12.0/lib/node_modules/npm/node_modules/request/request.js:963:12)
41 verbose statusCode 403
42 verbose pkgid angular.js-server
43 verbose cwd /home/antoine/a-lucas/angular.js-server
44 error Linux 4.4.0-28-generic
45 error argv "/home/antoine/.nvm/versions/node/v5.12.0/bin/node" "/home/antoine/.nvm/versions/node/v5.12.0/bin/npm" "publish"
46 error node v5.12.0
47 error npm  v3.8.6
48 error code E403
49 error "You cannot publish over the previously published version 0.0.2." : angular.js-server
50 error If you need help, you may report this error at:
50 error     <https://github.com/npm/npm/issues>
51 verbose exit [ 1, true ]
